<?xml version="1.0" encoding="UTF-8" ?>
<testsuite errors="0" failures="0" name="edu.umn.msi.cagrid.introduce.interfaces.ServiceConfigurationTestCase" tests="1" time="0.038">
  <properties>
    <property name="java.home.ivy.instance" value="/usr/lib/jvm/java-1.5.0-sun-1.5.0.13/jre"></property>
    <property name="introduce.skeleton.lib.dir" value="/home/john/software/cagrid1.2/caGrid/projects/introduce/ext/skeleton/interfaces/lib"></property>
    <property name="ant.home.ivy.instance" value="/home/john/software/java/apache-ant-1.6.5/"></property>
    <property name="java.awt.graphicsenv.ivy.instance" value="sun.awt.X11GraphicsEnvironment"></property>
    <property name="java.awt.printerjob.ivy.instance" value="sun.print.PSPrinterJob"></property>
    <property name="env.TERM" value="xterm"></property>
    <property name="ant.library.dir" value="/home/john/software/java/apache-ant-1.6.5//lib"></property>
    <property name="env.OLDPWD" value="/home/john/workspace/TropixWebGui"></property>
    <property name="java.vm.info.ivy.instance" value="mixed mode"></property>
    <property name="ivy.report.output.pattern.ivy.instance" value="[organisation]-[module]-[conf].[ext]"></property>
    <property name="user.dir" value="/home/john/workspace/interfaces"></property>
    <property name="java.vm.version" value="1.5.0_13-b05"></property>
    <property name="ivy.lib.dir.ivy.instance" value="/home/john/workspace/interfaces/lib"></property>
    <property name="path.separator.ivy.instance" value=":"></property>
    <property name="lib.dir" value="/home/john/workspace/interfaces/lib"></property>
    <property name="env.SCALA_HOME" value="/home/john/software/scala-2.7.0-RC1/"></property>
    <property name="java.library.path.ivy.instance" value="/usr/lib/jvm/java-1.5.0-sun-1.5.0.13/jre/lib/i386/server:/usr/lib/jvm/java-1.5.0-sun-1.5.0.13/jre/lib/i386:/usr/lib/jvm/java-1.5.0-sun-1.5.0.13/jre/../lib/i386:/home/john/software/javaagent/lib"></property>
    <property name="ant.file.dependencies" value="/home/john/workspace/interfaces/dependencies-build.xml"></property>
    <property name="env.GNOME_KEYRING_SOCKET" value="/tmp/keyring-iKoxrR/socket"></property>
    <property name="ivy.resolve.default.type.filter.ivy.instance" value="*"></property>
    <property name="java.version.ivy.instance" value="1.5.0_13"></property>
    <property name="sun.os.patch.level" value="unknown"></property>
    <property name="java.vm.specification.name" value="Java Virtual Machine Specification"></property>
    <property name="file.separator.ivy.instance" value="/"></property>
    <property name="os.name" value="Linux"></property>
    <property name="ivy.status" value="integration"></property>
    <property name="spring.extension.name.short" value="springExtension"></property>
    <property name="env.XDG_DATA_DIRS" value="/usr/local/share/:/usr/share/:/usr/share/gdm/"></property>
    <property name="ivy.settings.dir.ivy.instance" value="/home/john/software/cagrid1.2/caGrid/antfiles/ivy"></property>
    <property name="qdox.jar" value="/home/john/workspace/interfaces/lib/qdox-1.7-20070527.154641-2.jar"></property>
    <property name="java.vendor.url.bug" value="http://java.sun.com/cgi-bin/bugreport.cgi"></property>
    <property name="os.arch" value="i386"></property>
    <property name="user.name" value="john"></property>
    <property name="ivy.retrieve.pattern.ivy.instance" value="/home/john/workspace/interfaces/lib/[artifact]-[revision].[ext]"></property>
    <property name="junit.results.dir" value="/home/john/workspace/interfaces/test/logs/junit"></property>
    <property name="jet.template.dir" value="/home/john/workspace/interfaces/templates"></property>
    <property name="env.USER" value="john"></property>
    <property name="env.LOGNAME" value="john"></property>
    <property name="sun.arch.data.model.ivy.instance" value="32"></property>
    <property name="ivy.default.conf.dir" value="jar:file:/home/john/software/java/apache-ant-1.6.5/lib/ivy-2.0.0-beta2.jar!/org/apache/ivy/core/settings"></property>
    <property name="env.GNOME_DESKTOP_SESSION_ID" value="Default"></property>
    <property name="env.KONSOLE_DCOP" value="DCOPRef(konsole-19094,konsole)"></property>
    <property name="user.country" value="US"></property>
    <property name="env.GNOME_KEYRING_PID" value="5926"></property>
    <property name="env.GWT_HOME" value="/home/john/software/gwt-linux-1.4.60/"></property>
    <property name="ant.file.ivy-shared-targets" value="/home/john/software/cagrid1.2/caGrid/antfiles/ivy/ivy-shared-targets.xml"></property>
    <property name="java.vm.specification.version.ivy.instance" value="1.0"></property>
    <property name="introduce.extensions.dir" value="/home/john/software/cagrid1.2/caGrid/projects/introduce/extensions"></property>
    <property name="javadoc.dir" value="/home/john/workspace/interfaces/build/javadoc"></property>
    <property name="ivy.default.always.check.exact.revision" value="true"></property>
    <property name="os.name.ivy.instance" value="Linux"></property>
    <property name="spring.introduce.skeleton.lib.dir" value="/home/john/software/cagrid1.2/caGrid/projects/introduce/ext/skeleton/spring/lib"></property>
    <property name="java.endorsed.dirs" value="/usr/lib/jvm/java-1.5.0-sun-1.5.0.13/jre/lib/endorsed"></property>
    <property name="env.TEMP" value="/tmp"></property>
    <property name="java.endorsed.dirs.ivy.instance" value="/usr/lib/jvm/java-1.5.0-sun-1.5.0.13/jre/lib/endorsed"></property>
    <property name="main.build.file" value="build.xml"></property>
    <property name="ivy.lib.dir" value="/home/john/workspace/interfaces/lib"></property>
    <property name="env.GDMSESSION" value="default"></property>
    <property name="java.vm.specification.version" value="1.0"></property>
    <property name="ivy.settings.url" value="file:/home/john/software/cagrid1.2/caGrid/antfiles/ivy/ivysettings.xml"></property>
    <property name="build.packages" value="/home/john/software/ws-core-for-1-1/share/globus_wsrf_common/build-packages.xml"></property>
    <property name="env.SHLVL" value="1"></property>
    <property name="java.vendor" value="Sun Microsystems Inc."></property>
    <property name="user.dir.ivy.instance" value="/home/john/workspace/interfaces"></property>
    <property name="ivy.default.settings.dir" value="jar:file:/home/john/software/java/apache-ant-1.6.5/lib/ivy-2.0.0-beta2.jar!/org/apache/ivy/core/settings"></property>
    <property name="ivy.settings.file" value="ivysettings.xml"></property>
    <property name="java.runtime.name.ivy.instance" value="Java(TM) 2 Runtime Environment, Standard Edition"></property>
    <property name="file.separator" value="/"></property>
    <property name="ext.globus.dir" value="/home/john/software/ws-core-for-1-1"></property>
    <property name="ivy.cache.dir.ivy.instance" value="/home/john/.ivy2/cache"></property>
    <property name="ivy.conf.file" value="/home/john/software/cagrid1.2/caGrid/antfiles/ivy/ivysettings.xml"></property>
    <property name="env.XFILESEARCHPATH" value="/usr/dt/app-defaults/%L/Dt"></property>
    <property name="ivy.default.settings.dir.ivy.instance" value="jar:file:/home/john/software/java/apache-ant-1.6.5/lib/ivy-2.0.0-beta2.jar!/org/apache/ivy/core/settings"></property>
    <property name="spring.build.client.jar" value="/home/john/workspace/interfaces/build/jars/springExtension-client-1.1.jar"></property>
    <property name="sun.java.launcher" value="SUN_STANDARD"></property>
    <property name="env.NLSPATH" value="/usr/dt/lib/nls/msg/%L/%N.cat"></property>
    <property name="java.io.tmpdir.ivy.instance" value="/tmp"></property>
    <property name="ant.home" value="/home/john/software/java/apache-ant-1.6.5/"></property>
    <property name="spring.extension.xml" value="/home/john/workspace/interfaces/conf/spring/extension.xml"></property>
    <property name="ivy.resolved.file" value="/home/john/workspace/interfaces/ivy.xml"></property>
    <property name="ant.java.version" value="1.5"></property>
    <property name="java.library.path" value="/usr/lib/jvm/java-1.5.0-sun-1.5.0.13/jre/lib/i386/server:/usr/lib/jvm/java-1.5.0-sun-1.5.0.13/jre/lib/i386:/usr/lib/jvm/java-1.5.0-sun-1.5.0.13/jre/../lib/i386:/home/john/software/javaagent/lib"></property>
    <property name="ivy.resolved.configurations" value="interfaces-client, interfaces-extension, spring-client, spring-extension, test"></property>
    <property name="sun.arch.data.model" value="32"></property>
    <property name="basedir" value="/home/john/workspace/interfaces"></property>
    <property name="java.vendor.url.ivy.instance" value="http://java.sun.com/"></property>
    <property name="java.ext.dirs.ivy.instance" value="/usr/lib/jvm/java-1.5.0-sun-1.5.0.13/jre/lib/ext"></property>
    <property name="env.PATH" value="/home/john/software/tpp/bin:/home/john/proteomics/bin:/home/john/software/javaagent/bin:/home/john/card/software/jwsdp-2.0/jaxb/bin:/home/john/software/java/apache-ant-1.6.5//bin:.:/usr/lib/jvm/java-1.5.0-sun/bin:/home/john/software/mysql/bin:/home/john/software/ws-core-for-1-1/bin:/home/john/software/ws-core-for-1-1/sbin:/home/john/scripts:/usr/local/sbin:/usr/local/bin:/usr/sbin:/usr/bin:/sbin:/bin:/usr/games"></property>
    <property name="path.separator" value=":"></property>
    <property name="ivy.resolver.default.check.modified.ivy.instance" value="false"></property>
    <property name="sun.io.unicode.encoding" value="UnicodeLittle"></property>
    <property name="ivy.conf.dir" value="/home/john/software/cagrid1.2/caGrid/antfiles/ivy"></property>
    <property name="user.language" value="en"></property>
    <property name="spring.classes.dir" value="/home/john/workspace/interfaces/build/classes/spring"></property>
    <property name="env.GTK_RC_FILES" value="/etc/gtk/gtkrc:/home/john/.gtkrc-1.2-gnome2"></property>
    <property name="java.vm.specification.vendor.ivy.instance" value="Sun Microsystems Inc."></property>
    <property name="ivy.report.output.pattern" value="[organisation]-[module]-[conf].[ext]"></property>
    <property name="java.class.version" value="49.0"></property>
    <property name="sun.boot.library.path.ivy.instance" value="/usr/lib/jvm/java-1.5.0-sun-1.5.0.13/jre/lib/i386"></property>
    <property name="env.AGENT_HOME" value="/home/john/software/javaagent"></property>
    <property name="os.version.ivy.instance" value="2.6.22-14-generic"></property>
    <property name="env.WINDOWPATH" value="7"></property>
    <property name="sun.desktop.ivy.instance" value="gnome"></property>
    <property name="env.CATALINA_OPTS" value="-Dcom.sun.management.jmxremote"></property>
    <property name="project.version" value="1.1"></property>
    <property name="test.logs.dir" value="/home/john/workspace/interfaces/test/logs"></property>
    <property name="ivy.project.dir.ivy.instance" value="/home/john/workspace/interfaces"></property>
    <property name="file.encoding.pkg" value="sun.io"></property>
    <property name="sun.cpu.endian" value="little"></property>
    <property name="env.JWSDP_HOME" value="/home/john/software/java/jwsdp-2.0"></property>
    <property name="env.KONSOLE_DCOP_SESSION" value="DCOPRef(konsole-19094,session-6)"></property>
    <property name="ivy.configurations.ivy.instance" value="*"></property>
    <property name="ivy.home.ivy.instance" value="/home/john/.ivy2"></property>
    <property name="env.SHELL" value="/usr/bin/zsh"></property>
    <property name="ant.file.Interface Extension Tests" value="/home/john/workspace/interfaces/test/test.xml"></property>
    <property name="schema.src" value="/home/john/software/ws-core-for-1-1/share/schema"></property>
    <property name="java.home" value="/usr/lib/jvm/java-1.5.0-sun-1.5.0.13/jre"></property>
    <property name="collections.jar" value="/home/john/workspace/interfaces/lib/google-collect-snapshot-20071022.jar"></property>
    <property name="main.build.configure.target" value="configure"></property>
    <property name="ivy.generated.artifacts.pattern" value="/home/john/workspace/interfaces/build/[type]s/[artifact]-[revision].[ext]"></property>
    <property name="jet.lib.dir" value="/home/john/workspace/interfaces/templates/lib"></property>
    <property name="env.DESKTOP_SESSION" value="default"></property>
    <property name="ivy.status.ivy.instance" value="integration"></property>
    <property name="extension.name.short" value="interfacesExtension"></property>
    <property name="ant.library.dir.ivy.instance" value="/home/john/software/java/apache-ant-1.6.5//lib"></property>
    <property name="integration.repository.dir" value="/home/john/software/cagrid1.2/caGrid/integration-repository"></property>
    <property name="sun.java.launcher.ivy.instance" value="SUN_STANDARD"></property>
    <property name="java.vm.vendor.ivy.instance" value="Sun Microsystems Inc."></property>
    <property name="env.DBUS_SESSION_BUS_ADDRESS" value="unix:abstract=/tmp/dbus-xfUMNmAqV8,guid=b2b8194000dc543229a2080048650790"></property>
    <property name="build.stubs" value="/home/john/software/ws-core-for-1-1/share/globus_wsrf_tools/build-stubs.xml"></property>
    <property name="ivy.cache.ttl.default.ivy.instance" value="10s"></property>
    <property name="ivy.default.conf.dir.ivy.instance" value="jar:file:/home/john/software/java/apache-ant-1.6.5/lib/ivy-2.0.0-beta2.jar!/org/apache/ivy/core/settings"></property>
    <property name="env.XDG_SESSION_COOKIE" value="4b8f43510b09304e7ff9fd00473ded00-1214580622.370081-2028696715"></property>
    <property name="ivy.settings.url.ivy.instance" value="file:/home/john/software/cagrid1.2/caGrid/antfiles/ivy/ivysettings.xml"></property>
    <property name="env.SSH_AUTH_SOCK" value="/tmp/ssh-QsVoOP5929/agent.5929"></property>
    <property name="sun.management.compiler" value="HotSpot Server Compiler"></property>
    <property name="introduce.dir" value="/home/john/software/cagrid1.2/caGrid/projects/introduce"></property>
    <property name="env.DISPLAY" value=":0.0"></property>
    <property name="ant.file" value="/home/john/workspace/interfaces/build.xml"></property>
    <property name="ivy.buildlist.ivyfilepath.ivy.instance" value="ivy.xml"></property>
    <property name="ant.file.ivy-definitions" value="/home/john/software/cagrid1.2/caGrid/antfiles/ivy/ivy-def.xml"></property>
    <property name="user.country.ivy.instance" value="US"></property>
    <property name="env.GDM_XSERVER_LOCATION" value="local"></property>
    <property name="ivy.default.always.check.exact.revision.ivy.instance" value="true"></property>
    <property name="build.client.jar" value="/home/john/workspace/interfaces/build/jars/interfacesExtension-client-1.1.jar"></property>
    <property name="sun.cpu.isalist.ivy.instance" value=""></property>
    <property name="java.vm.specification.vendor" value="Sun Microsystems Inc."></property>
    <property name="java.vm.name" value="Java HotSpot(TM) Server VM"></property>
    <property name="project.root.dir" value="/home/john/software/cagrid1.2/caGrid"></property>
    <property name="repository.dir" value="/home/john/software/cagrid1.2/caGrid/repository"></property>
    <property name="java.io.tmpdir" value="/tmp"></property>
    <property name="file.encoding.ivy.instance" value="UTF-8"></property>
    <property name="java.vendor.url" value="http://java.sun.com/"></property>
    <property name="ivy.cache.ttl.default" value="10s"></property>
    <property name="ivy.settings.file.ivy.instance" value="/home/john/software/cagrid1.2/caGrid/antfiles/ivy/ivysettings.xml"></property>
    <property name="sun.boot.library.path" value="/usr/lib/jvm/java-1.5.0-sun-1.5.0.13/jre/lib/i386"></property>
    <property name="test.src.dir" value="/home/john/workspace/interfaces/test/src"></property>
    <property name="spring.client.src.dir" value="/home/john/workspace/interfaces/src/spring/client"></property>
    <property name="file.encoding.pkg.ivy.instance" value="sun.io"></property>
    <property name="env.GDM_LANG" value="en_US.UTF-8"></property>
    <property name="spring.resource.client.dir" value="/home/john/workspace/interfaces/resources/spring/client"></property>
    <property name="jet.interfaces.src.dir" value="/home/john/workspace/interfaces/templates/src/interfaces"></property>
    <property name="ivy.resolver.default.check.modified" value="false"></property>
    <property name="java.runtime.name" value="Java(TM) 2 Runtime Environment, Standard Edition"></property>
    <property name="ant.project.name" value="Interfaces Extension for Introduce"></property>
    <property name="sun.management.compiler.ivy.instance" value="HotSpot Server Compiler"></property>
    <property name="java.vendor.url.bug.ivy.instance" value="http://java.sun.com/cgi-bin/bugreport.cgi"></property>
    <property name="ivy.conf.dir.ivy.instance" value="/home/john/software/cagrid1.2/caGrid/antfiles/ivy"></property>
    <property name="ivy.buildlist.ivyfilepath" value="ivy.xml"></property>
    <property name="sun.cpu.isalist" value=""></property>
    <property name="env.SSH_AGENT_PID" value="5966"></property>
    <property name="ivy.default.ivy.user.dir" value="/home/john/.ivy2"></property>
    <property name="java.runtime.version.ivy.instance" value="1.5.0_13-b05"></property>
    <property name="spring.src.dir" value="/home/john/workspace/interfaces/src/spring/extension"></property>
    <property name="user.home" value="/home/john"></property>
    <property name="env.JAVA_HOME" value="/usr/lib/jvm/java-1.5.0-sun"></property>
    <property name="env.CAGRID_LOCATION" value="/home/john/software/cagrid1.2/caGrid"></property>
    <property name="java.vm.version.ivy.instance" value="1.5.0_13-b05"></property>
    <property name="java.specification.name" value="Java Platform API Specification"></property>
    <property name="ivy.dep.file" value="ivy.xml"></property>
    <property name="user.timezone.ivy.instance" value="America/Chicago"></property>
    <property name="env.XAUTHORITY" value="/home/john/.Xauthority"></property>
    <property name="ivy-definitions.basedir" value="/home/john/software/cagrid1.2/caGrid/antfiles/ivy"></property>
    <property name="ivy.deliver.ivy.pattern.ivy.instance" value="/home/john/workspace/interfaces/distrib/[type]s/[artifact]-[revision].[ext]"></property>
    <property name="ivy.conf.url" value="file:/home/john/software/cagrid1.2/caGrid/antfiles/ivy/ivysettings.xml"></property>
    <property name="java.specification.vendor" value="Sun Microsystems Inc."></property>
    <property name="ivy.deps.changed" value="false"></property>
    <property name="cglib.jar" value="/home/john/workspace/interfaces/lib/cglib-nodep-2.1_3.jar"></property>
    <property name="java.version" value="1.5.0_13"></property>
    <property name="sun.jnu.encoding.ivy.instance" value="UTF-8"></property>
    <property name="sun.io.unicode.encoding.ivy.instance" value="UnicodeLittle"></property>
    <property name="ivy.conf.file.ivy.instance" value="/home/john/software/cagrid1.2/caGrid/antfiles/ivy/ivysettings.xml"></property>
    <property name="env._" value="/home/john/software/java/apache-ant-1.6.5//bin/ant"></property>
    <property name="env.SESSION_MANAGER" value="local/chilton.msi.umn.edu:/tmp/.ICE-unix/5929"></property>
    <property name="env.LD_LIBRARY_PATH" value="/usr/lib/jvm/java-1.5.0-sun-1.5.0.13/jre/lib/i386/server:/usr/lib/jvm/java-1.5.0-sun-1.5.0.13/jre/lib/i386:/usr/lib/jvm/java-1.5.0-sun-1.5.0.13/jre/../lib/i386:/home/john/software/javaagent/lib"></property>
    <property name="ivy.conf.url.ivy.instance" value="file:/home/john/software/cagrid1.2/caGrid/antfiles/ivy/ivysettings.xml"></property>
    <property name="jet.spring.build.dir" value="/home/john/workspace/interfaces/build/jet/spring"></property>
    <property name="java.specification.vendor.ivy.instance" value="Sun Microsystems Inc."></property>
    <property name="test.dir" value="/home/john/workspace/interfaces/test"></property>
    <property name="ivy-shared-targets.file" value="/home/john/software/cagrid1.2/caGrid/antfiles/ivy/ivy-shared-targets.xml"></property>
    <property name="test.classes.dir" value="/home/john/workspace/interfaces/build/test_classes"></property>
    <property name="ivy.build.artifacts.dir.ivy.instance" value="/home/john/workspace/interfaces/build/artifacts"></property>
    <property name="ivy-shared-targets.basedir" value="/home/john/software/cagrid1.2/caGrid/antfiles/ivy"></property>
    <property name="extension.xml" value="/home/john/workspace/interfaces/conf/interfaces/extension.xml"></property>
    <property name="ivy.cache.dir" value="/home/john/.ivy2/cache"></property>
    <property name="classes.dir" value="/home/john/workspace/interfaces/build/classes/interfaces"></property>
    <property name="user.language.ivy.instance" value="en"></property>
    <property name="java.class.path.ivy.instance" value="/home/john/software/java/apache-ant-1.6.5//lib/ant-launcher.jar:/home/john/software/java/apache-ant-1.6.5/lib/ant-apache-bcel.jar:/home/john/software/java/apache-ant-1.6.5/lib/ant-weblogic.jar:/home/john/software/java/apache-ant-1.6.5/lib/ivy-2.0.0-beta2.jar:/home/john/software/java/apache-ant-1.6.5/lib/ant-starteam.jar:/home/john/software/java/apache-ant-1.6.5/lib/ant-netrexx.jar:/home/john/software/java/apache-ant-1.6.5/lib/ant-antlr.jar:/home/john/software/java/apache-ant-1.6.5/lib/ant-vaj.jar:/home/john/software/java/apache-ant-1.6.5/lib/xml-apis.jar:/home/john/software/java/apache-ant-1.6.5/lib/ant-jsch.jar:/home/john/software/java/apache-ant-1.6.5/lib/ant-stylebook.jar:/home/john/software/java/apache-ant-1.6.5/lib/ant-apache-bsf.jar:/home/john/software/java/apache-ant-1.6.5/lib/ant-jai.jar:/home/john/software/java/apache-ant-1.6.5/lib/ant-javamail.jar:/home/john/software/java/apache-ant-1.6.5/lib/ant-xalan1.jar:/home/john/software/java/apache-ant-1.6.5/lib/ant-junit.jar:/home/john/software/java/apache-ant-1.6.5/lib/ant-jmf.jar:/home/john/software/java/apache-ant-1.6.5/lib/jsch-0.1.37.jar:/home/john/software/java/apache-ant-1.6.5/lib/ant-commons-logging.jar:/home/john/software/java/apache-ant-1.6.5/lib/ant-apache-resolver.jar:/home/john/software/java/apache-ant-1.6.5/lib/junit.jar:/home/john/software/java/apache-ant-1.6.5/lib/ant-apache-log4j.jar:/home/john/software/java/apache-ant-1.6.5/lib/ant-contrib.jar:/home/john/software/java/apache-ant-1.6.5/lib/ant-apache-regexp.jar:/home/john/software/java/apache-ant-1.6.5/lib/cpptasks.jar:/home/john/software/java/apache-ant-1.6.5/lib/ant-trax.jar:/home/john/software/java/apache-ant-1.6.5/lib/catalina-ant.jar:/home/john/software/java/apache-ant-1.6.5/lib/ant-apache-oro.jar:/home/john/software/java/apache-ant-1.6.5/lib/ant-launcher.jar:/home/john/software/java/apache-ant-1.6.5/lib/ant-swing.jar:/home/john/software/java/apache-ant-1.6.5/lib/ant.jar:/home/john/software/java/apache-ant-1.6.5/lib/ant-xslp.jar:/home/john/software/java/apache-ant-1.6.5/lib/ant-nodeps.jar:/home/john/software/java/apache-ant-1.6.5/lib/ant-icontract.jar:/home/john/software/java/apache-ant-1.6.5/lib/ant-commons-net.jar:/home/john/software/java/apache-ant-1.6.5/lib/ant-jdepend.jar:/home/john/software/java/apache-ant-1.6.5/lib/xercesImpl.jar:/usr/lib/jvm/java-1.5.0-sun-1.5.0.13/lib/tools.jar"></property>
    <property name="main.build.all.target" value="all"></property>
    <property name="env.PWD" value="/home/john/workspace/interfaces"></property>
    <property name="resource.client.dir" value="/home/john/workspace/interfaces/resources/interfaces/client"></property>
    <property name="sun.cpu.endian.ivy.instance" value="little"></property>
    <property name="line.separator" value="
"></property>
    <property name="java.specification.version" value="1.5"></property>
    <property name="ivy.publish.src.artifacts.pattern" value="/home/john/workspace/interfaces/distrib/[type]s/[artifact]-[revision].[ext]"></property>
    <property name="java.vm.info" value="mixed mode"></property>
    <property name="ivy.retrieve.pattern" value="/home/john/workspace/interfaces/lib/[artifact]-[revision].[ext]"></property>
    <property name="jet.spring.src.dir" value="/home/john/workspace/interfaces/templates/src/spring"></property>
    <property name="ivy.organisation" value="msi.umn.edu"></property>
    <property name="env.ANT_HOME" value="/home/john/software/java/apache-ant-1.6.5/"></property>
    <property name="ivy.targets.copied" value="true"></property>
    <property name="env.MYSQL_HOME" value="/home/john/software/mysql"></property>
    <property name="ivy.jar.dir" value="/home/john/software/cagrid1.2/caGrid/antfiles/ivy/lib"></property>
    <property name="sun.boot.class.path" value="/usr/lib/jvm/java-1.5.0-sun-1.5.0.13/jre/lib/rt.jar:/usr/lib/jvm/java-1.5.0-sun-1.5.0.13/jre/lib/i18n.jar:/usr/lib/jvm/java-1.5.0-sun-1.5.0.13/jre/lib/sunrsasign.jar:/usr/lib/jvm/java-1.5.0-sun-1.5.0.13/jre/lib/jsse.jar:/usr/lib/jvm/java-1.5.0-sun-1.5.0.13/jre/lib/jce.jar:/usr/lib/jvm/java-1.5.0-sun-1.5.0.13/jre/lib/charsets.jar:/usr/lib/jvm/java-1.5.0-sun-1.5.0.13/jre/classes"></property>
    <property name="jet.interfaces.build.dir" value="/home/john/workspace/interfaces/build/jet/interfaces"></property>
    <property name="ivy.resolve.default.type.filter" value="*"></property>
    <property name="java.specification.version.ivy.instance" value="1.5"></property>
    <property name="build.jar" value="/home/john/workspace/interfaces/build/jars/interfacesExtension-1.1.jar"></property>
    <property name="ivy.resolve.configure.configuations" value="target_grid"></property>
    <property name="src.dir" value="/home/john/workspace/interfaces/src/interfaces/extension"></property>
    <property name="ivy.log.modules.in.use.ivy.instance" value="false"></property>
    <property name="ivy.resolved.artifacts.pattern" value="/home/john/workspace/interfaces/ext/dependencies/[conf]/[type]s/[originalname](.[ext])"></property>
    <property name="java.specification.name.ivy.instance" value="Java Platform API Specification"></property>
    <property name="env.HOME" value="/home/john"></property>
    <property name="ivy.public.configurations" value="interfaces-client, interfaces-extension, spring-client, spring-extension, test"></property>
    <property name="ivy.resolved.artifacts.dir" value="/home/john/workspace/interfaces/ext"></property>
    <property name="line.separator.ivy.instance" value="
"></property>
    <property name="user.home.ivy.instance" value="/home/john"></property>
    <property name="ivy.publish.src.artifacts.pattern.ivy.instance" value="/home/john/workspace/interfaces/distrib/[type]s/[artifact]-[revision].[ext]"></property>
    <property name="ivy.deliver.ivy.pattern" value="/home/john/workspace/interfaces/distrib/[type]s/[artifact]-[revision].[ext]"></property>
    <property name="dist.dir" value="/home/john/workspace/interfaces/build/dist"></property>
    <property name="ivy.checksums.ivy.instance" value="sha1,md5"></property>
    <property name="java.awt.printerjob" value="sun.print.PSPrinterJob"></property>
    <property name="spring.build.jar" value="/home/john/workspace/interfaces/build/jars/springExtension-1.1.jar"></property>
    <property name="sun.jnu.encoding" value="UTF-8"></property>
    <property name="ivy.default.ivy.user.dir.ivy.instance" value="/home/john/.ivy2"></property>
    <property name="ivy.project.dir" value="/home/john/workspace/interfaces"></property>
    <property name="env.CATALINA_HOME" value="/home/john/software/apache-tomcat-6.0.16"></property>
    <property name="ivy.revision" value="1.1"></property>
    <property name="java.runtime.version" value="1.5.0_13-b05"></property>
    <property name="sun.boot.class.path.ivy.instance" value="/usr/lib/jvm/java-1.5.0-sun-1.5.0.13/jre/lib/rt.jar:/usr/lib/jvm/java-1.5.0-sun-1.5.0.13/jre/lib/i18n.jar:/usr/lib/jvm/java-1.5.0-sun-1.5.0.13/jre/lib/sunrsasign.jar:/usr/lib/jvm/java-1.5.0-sun-1.5.0.13/jre/lib/jsse.jar:/usr/lib/jvm/java-1.5.0-sun-1.5.0.13/jre/lib/jce.jar:/usr/lib/jvm/java-1.5.0-sun-1.5.0.13/jre/lib/charsets.jar:/usr/lib/jvm/java-1.5.0-sun-1.5.0.13/jre/classes"></property>
    <property name="ivy.home" value="/home/john/.ivy2"></property>
    <property name="java.vendor.ivy.instance" value="Sun Microsystems Inc."></property>
    <property name="main.build.clean.target" value="clean"></property>
    <property name="env.COLORTERM" value=""></property>
    <property name="ivy.distrib.dir.ivy.instance" value="/home/john/workspace/interfaces/distrib"></property>
    <property name="client.src.dir" value="/home/john/workspace/interfaces/src/interfaces/client"></property>
    <property name="user.timezone" value=""></property>
    <property name="java.vm.specification.name.ivy.instance" value="Java Virtual Machine Specification"></property>
    <property name="ivy.dep.file.ivy.instance" value="ivy.xml"></property>
    <property name="java.ext.dirs" value="/usr/lib/jvm/java-1.5.0-sun-1.5.0.13/jre/lib/ext"></property>
    <property name="test.lib.dir" value="/home/john/workspace/interfaces/test/lib"></property>
    <property name="env.GLOBUS_LOCATION" value="/home/john/software/ws-core-for-1-1"></property>
    <property name="GT4.ns.excludes" value="-x http://docs.oasis-open.org/wsrf/2004/06/wsrf-WS-BaseFaults-1.2-draft-01.xsd -x http://docs.oasis-open.org/wsrf/2004/06/wsrf-WS-BaseFaults-1.2-draft-01.wsdl -x http://docs.oasis-open.org/wsrf/2004/06/wsrf-WS-ResourceLifetime-1.2-draft-01.xsd -x http://docs.oasis-open.org/wsrf/2004/06/wsrf-WS-ResourceLifetime-1.2-draft-01.wsdl -x http://docs.oasis-open.org/wsrf/2004/06/wsrf-WS-ResourceProperties-1.2-draft-01.xsd -x http://docs.oasis-open.org/wsrf/2004/06/wsrf-WS-ResourceProperties-1.2-draft-01.wsdl -x http://docs.oasis-open.org/wsrf/2004/06/wsrf-WS-ServiceGroup-1.2-draft-01.xsd -x http://docs.oasis-open.org/wsrf/2004/06/wsrf-WS-ServiceGroup-1.2-draft-01.wsdl -x http://docs.oasis-open.org/wsn/2004/06/wsn-WS-BaseNotification-1.2-draft-01.xsd -x http://docs.oasis-open.org/wsn/2004/06/wsn-WS-BaseNotification-1.2-draft-01.wsdl -x http://schemas.xmlsoap.org/ws/2004/04/trust -x http://schemas.xmlsoap.org/ws/2002/12/policy -x http://schemas.xmlsoap.org/ws/2002/07/utility -x http://schemas.xmlsoap.org/ws/2004/04/sc -x http://docs.oasis-open.org/wss/2004/01/oasis-200401-wss-wssecurity-secext-1.0.xsd -x http://www.w3.org/2000/09/xmldsig# -x http://docs.oasis-open.org/wss/2004/01/oasis-200401-wss-wssecurity-utility-1.0.xsd -x http://schemas.xmlsoap.org/ws/2004/09/enumeration"></property>
    <property name="java.class.path" value="/home/john/workspace/interfaces/build/classes/interfaces:/home/john/workspace/interfaces/build/classes/spring:/home/john/workspace/interfaces/test/resources:/home/john/workspace/interfaces/test/lib/junit-addons-1.4.jar:/home/john/workspace/interfaces/test/lib/junit.jar:/home/john/workspace/interfaces/ext/dependencies/test/jars/antlr-2.7.6rc1.jar:/home/john/workspace/interfaces/ext/dependencies/test/jars/caGrid-Introduce-core-1.2.jar:/home/john/workspace/interfaces/ext/dependencies/test/jars/caGrid-Introduce-portal-1.2.jar:/home/john/workspace/interfaces/ext/dependencies/test/jars/caGrid-core-1.2.jar:/home/john/workspace/interfaces/ext/dependencies/test/jars/caGrid-core-tests-1.2.jar:/home/john/workspace/interfaces/ext/dependencies/test/jars/caGrid-testing-core-1.2.jar:/home/john/workspace/interfaces/ext/dependencies/test/jars/caGrid-testing-system-1.2.jar:/home/john/workspace/interfaces/ext/dependencies/test/jars/castor-0.9.9.jar:/home/john/workspace/interfaces/ext/dependencies/test/jars/commons-io-1.3.2.jar:/home/john/workspace/interfaces/ext/dependencies/test/jars/jaxen-1.1.jar:/home/john/workspace/interfaces/ext/dependencies/test/jars/jaxmejs-0.5.2.jar:/home/john/workspace/interfaces/ext/dependencies/test/jars/jdepend-2.7.jar:/home/john/workspace/interfaces/ext/dependencies/test/jars/jdom-1.0.jar:/home/john/workspace/interfaces/ext/dependencies/test/jars/relaxngDatatype.jar:/home/john/workspace/interfaces/ext/dependencies/test/jars/xsom14.jar:/home/john/workspace/interfaces/lib/cglib-nodep-2.1_3.jar:/home/john/workspace/interfaces/lib/google-collect-snapshot-20071022.jar:/home/john/workspace/interfaces/lib/qdox-1.7-20070527.154641-2.jar:/home/john/workspace/interfaces/lib/spring.jar:/home/john/software/ws-core-for-1-1/lib/addressing-1.0.jar:/home/john/software/ws-core-for-1-1/lib/axis-url.jar:/home/john/software/ws-core-for-1-1/lib/axis.jar:/home/john/software/ws-core-for-1-1/lib/bootstrap.jar:/home/john/software/ws-core-for-1-1/lib/cog-axis.jar:/home/john/software/ws-core-for-1-1/lib/cog-jglobus.jar:/home/john/software/ws-core-for-1-1/lib/cog-tomcat.jar:/home/john/software/ws-core-for-1-1/lib/cog-url.jar:/home/john/software/ws-core-for-1-1/lib/commonj.jar:/home/john/software/ws-core-for-1-1/lib/commons-beanutils.jar:/home/john/software/ws-core-for-1-1/lib/commons-cli-2.0.jar:/home/john/software/ws-core-for-1-1/lib/commons-collections-3.0.jar:/home/john/software/ws-core-for-1-1/lib/commons-digester.jar:/home/john/software/ws-core-for-1-1/lib/commons-discovery.jar:/home/john/software/ws-core-for-1-1/lib/commons-logging.jar:/home/john/software/ws-core-for-1-1/lib/concurrent.jar:/home/john/software/ws-core-for-1-1/lib/cryptix-asn1.jar:/home/john/software/ws-core-for-1-1/lib/cryptix.jar:/home/john/software/ws-core-for-1-1/lib/cryptix32.jar:/home/john/software/ws-core-for-1-1/lib/globus_resolution_service.jar:/home/john/software/ws-core-for-1-1/lib/globus_resolution_stubs_java.jar:/home/john/software/ws-core-for-1-1/lib/globus_resolution_test.jar:/home/john/software/ws-core-for-1-1/lib/globus_transfer_service.jar:/home/john/software/ws-core-for-1-1/lib/globus_transfer_stubs_java.jar:/home/john/software/ws-core-for-1-1/lib/globus_transfer_test.jar:/home/john/software/ws-core-for-1-1/lib/globus_usage_core.jar:/home/john/software/ws-core-for-1-1/lib/globus_usage_packets_common.jar:/home/john/software/ws-core-for-1-1/lib/globus_wsrf_tools_test.jar:/home/john/software/ws-core-for-1-1/lib/jaxrpc.jar:/home/john/software/ws-core-for-1-1/lib/jce-jdk13-125.jar:/home/john/software/ws-core-for-1-1/lib/jgss.jar:/home/john/software/ws-core-for-1-1/lib/junit.jar:/home/john/software/ws-core-for-1-1/lib/log4j-1.2.8.jar:/home/john/software/ws-core-for-1-1/lib/naming-common.jar:/home/john/software/ws-core-for-1-1/lib/naming-factory.jar:/home/john/software/ws-core-for-1-1/lib/naming-java.jar:/home/john/software/ws-core-for-1-1/lib/naming-resources.jar:/home/john/software/ws-core-for-1-1/lib/opensaml.jar:/home/john/software/ws-core-for-1-1/lib/puretls.jar:/home/john/software/ws-core-for-1-1/lib/resolver.jar:/home/john/software/ws-core-for-1-1/lib/saaj.jar:/home/john/software/ws-core-for-1-1/lib/servlet.jar:/home/john/software/ws-core-for-1-1/lib/wsdl4j.jar:/home/john/software/ws-core-for-1-1/lib/wsrf_common.jar:/home/john/software/ws-core-for-1-1/lib/wsrf_core.jar:/home/john/software/ws-core-for-1-1/lib/wsrf_core_registry.jar:/home/john/software/ws-core-for-1-1/lib/wsrf_core_registry_stubs.jar:/home/john/software/ws-core-for-1-1/lib/wsrf_core_samples_authzService.jar:/home/john/software/ws-core-for-1-1/lib/wsrf_core_samples_authzService_stubs.jar:/home/john/software/ws-core-for-1-1/lib/wsrf_core_samples_counter.jar:/home/john/software/ws-core-for-1-1/lib/wsrf_core_samples_counter_stubs.jar:/home/john/software/ws-core-for-1-1/lib/wsrf_core_samples_mgmt.jar:/home/john/software/ws-core-for-1-1/lib/wsrf_core_samples_mgmt_stubs.jar:/home/john/software/ws-core-for-1-1/lib/wsrf_core_stubs.jar:/home/john/software/ws-core-for-1-1/lib/wsrf_provider_jce.jar:/home/john/software/ws-core-for-1-1/lib/wsrf_test.jar:/home/john/software/ws-core-for-1-1/lib/wsrf_test_interop.jar:/home/john/software/ws-core-for-1-1/lib/wsrf_test_interop_stubs.jar:/home/john/software/ws-core-for-1-1/lib/wsrf_test_unit.jar:/home/john/software/ws-core-for-1-1/lib/wsrf_test_unit_stubs.jar:/home/john/software/ws-core-for-1-1/lib/wsrf_tools.jar:/home/john/software/ws-core-for-1-1/lib/wss4j.jar:/home/john/software/ws-core-for-1-1/lib/xalan.jar:/home/john/software/ws-core-for-1-1/lib/xercesImpl.jar:/home/john/software/ws-core-for-1-1/lib/xml-apis.jar:/home/john/software/ws-core-for-1-1/lib/xmlsec.jar:/home/john/workspace/interfaces/build/test_classes:/home/john/software/java/apache-ant-1.6.5/lib/junit.jar:/home/john/software/java/apache-ant-1.6.5/lib/ant-launcher.jar:/home/john/software/java/apache-ant-1.6.5/lib/ant.jar:/home/john/software/java/apache-ant-1.6.5/lib/ant-junit.jar"></property>
    <property name="spring.jar" value="/home/john/workspace/interfaces/lib/spring.jar"></property>
    <property name="ivy.settings.dir" value="/home/john/software/cagrid1.2/caGrid/antfiles/ivy"></property>
    <property name="ivy.resolve.configuations" value="interfaces-client, interfaces-extension, spring-client, spring-extension, test"></property>
    <property name="os.version" value="2.6.22-14-generic"></property>
    <property name="sun.desktop" value="gnome"></property>
    <property name="env.WINDOWID" value="48234503"></property>
    <property name="java.class.version.ivy.instance" value="49.0"></property>
    <property name="ivy.module" value="interfaces"></property>
    <property name="os.arch.ivy.instance" value="i386"></property>
    <property name="jars.dir" value="/home/john/workspace/interfaces/build/jars"></property>
    <property name="ivy.generated.artifacts.dir" value="/home/john/workspace/interfaces/build"></property>
    <property name="env.LANG" value="en_US.UTF-8"></property>
    <property name="ivy.nb.targets.copied" value="15"></property>
    <property name="java.awt.graphicsenv" value="sun.awt.X11GraphicsEnvironment"></property>
    <property name="java.vm.name.ivy.instance" value="Java HotSpot(TM) Server VM"></property>
    <property name="ivy.xml.file" value="/home/john/workspace/interfaces/ivy.xml"></property>
    <property name="java.vm.vendor" value="Sun Microsystems Inc."></property>
    <property name="ivy.log.modules.in.use" value="false"></property>
    <property name="ivy.build.artifacts.dir" value="/home/john/workspace/interfaces/build/artifacts"></property>
    <property name="sun.os.patch.level.ivy.instance" value="unknown"></property>
    <property name="ivy.checksums" value="sha1,md5"></property>
    <property name="build.dir" value="/home/john/workspace/interfaces/build/classes/interfaces"></property>
    <property name="ivy.configurations" value="interfaces-client, interfaces-extension, spring-client, spring-extension, test"></property>
    <property name="ivy.distrib.dir" value="/home/john/workspace/interfaces/distrib"></property>
    <property name="ant.version" value="Apache Ant version 1.6.5 compiled on June 2 2005"></property>
    <property name="ant.file.Interfaces Extension for Introduce" value="/home/john/workspace/interfaces/build.xml"></property>
    <property name="file.encoding" value="UTF-8"></property>
    <property name="user.name.ivy.instance" value="john"></property>
  </properties>
  <testcase classname="edu.umn.msi.cagrid.introduce.interfaces.ServiceConfigurationTestCase" name="test" time="0.025"></testcase>
  <system-out><![CDATA[]]></system-out>
  <system-err><![CDATA[]]></system-err>
</testsuite>
